<?xml version="1.0" encoding="UTF-8"?>
<!-- Generated by org.testng.reporters.JUnitXMLReporter -->
<testsuite ignored="0" hostname="DESKTOP-IA8GERI" failures="0" tests="4" name="Test" time="23.627" errors="0" timestamp="2023-05-24T18:03:59 IST">
  <testcase classname="testClassPackage.post_TC_1" name="execute" time="8.448"/>
  <testcase classname="testClassPackage.post_TC_2" name="execute" time="3.831"/>
  <testcase classname="testClassPackage.post_TC_3" name="execute" time="4.324"/>
  <testcase classname="testClassPackage.post_TC_4" name="execute" time="6.772"/>
</testsuite> <!-- Test -->
