<?xml version="1.0" encoding="UTF-8"?>
<testng-results ignored="0" total="4" passed="4" failed="0" skipped="0">
  <reporter-output>
  </reporter-output>
  <suite started-at="2023-05-24T18:03:35 IST" name="Suite" finished-at="2023-05-24T18:03:59 IST" duration-ms="23627">
    <groups>
    </groups>
    <test started-at="2023-05-24T18:03:35 IST" name="Test" finished-at="2023-05-24T18:03:59 IST" duration-ms="23627">
      <class name="testClassPackage.post_TC_1">
        <test-method signature="execute()[pri:1, instance:testClassPackage.post_TC_1@202b0582]" started-at="2023-05-24T18:03:35 IST" name="execute" finished-at="2023-05-24T18:03:43 IST" duration-ms="8448" status="PASS">
          <reporter-output>
          </reporter-output>
        </test-method> <!-- execute -->
      </class> <!-- testClassPackage.post_TC_1 -->
      <class name="testClassPackage.post_TC_2">
        <test-method signature="execute()[pri:2, instance:testClassPackage.post_TC_2@19e4653c]" started-at="2023-05-24T18:03:44 IST" name="execute" finished-at="2023-05-24T18:03:47 IST" duration-ms="3831" status="PASS">
          <reporter-output>
          </reporter-output>
        </test-method> <!-- execute -->
      </class> <!-- testClassPackage.post_TC_2 -->
      <class name="testClassPackage.post_TC_3">
        <test-method signature="execute()[pri:3, instance:testClassPackage.post_TC_3@795509d9]" started-at="2023-05-24T18:03:47 IST" name="execute" finished-at="2023-05-24T18:03:52 IST" duration-ms="4324" status="PASS">
          <reporter-output>
          </reporter-output>
        </test-method> <!-- execute -->
      </class> <!-- testClassPackage.post_TC_3 -->
      <class name="testClassPackage.post_TC_4">
        <test-method signature="execute()[pri:4, instance:testClassPackage.post_TC_4@53045c6c]" started-at="2023-05-24T18:03:52 IST" name="execute" finished-at="2023-05-24T18:03:59 IST" duration-ms="6772" status="PASS">
          <reporter-output>
          </reporter-output>
        </test-method> <!-- execute -->
      </class> <!-- testClassPackage.post_TC_4 -->
    </test> <!-- Test -->
  </suite> <!-- Suite -->
</testng-results>
